0 info it worked if it ends with ok
1 verbose cli [ 'node', '/usr/local/bin/npm', 'install', '-g', 'ios-deploy' ]
2 info using npm@2.10.1
3 info using node@v0.12.4
4 verbose install initial load of /usr/local/lib/package.json
5 verbose readDependencies loading dependencies from /usr/local/lib/package.json
6 silly cache add args [ 'ios-deploy', null ]
7 verbose cache add spec ios-deploy
8 silly cache add parsed spec { raw: 'ios-deploy',
8 silly cache add   scope: null,
8 silly cache add   name: 'ios-deploy',
8 silly cache add   rawSpec: '',
8 silly cache add   spec: '*',
8 silly cache add   type: 'range' }
9 silly addNamed ios-deploy@*
10 verbose addNamed "*" is a valid semver range for ios-deploy
11 silly addNameRange { name: 'ios-deploy', range: '*', hasData: false }
12 silly mapToRegistry name ios-deploy
13 silly mapToRegistry using default registry
14 silly mapToRegistry registry https://registry.npmjs.org/
15 silly mapToRegistry uri https://registry.npmjs.org/ios-deploy
16 verbose addNameRange registry:https://registry.npmjs.org/ios-deploy not in flight; fetching
17 verbose request uri https://registry.npmjs.org/ios-deploy
18 verbose request no auth needed
19 info attempt registry request try #1 at 11:04:20 PM
20 verbose request id e26ad7b4aeb11178
21 verbose etag "BYAY2ZRYPBENUKZ34DYCXQ8Q0"
22 http request GET https://registry.npmjs.org/ios-deploy
23 http 304 https://registry.npmjs.org/ios-deploy
24 silly get cb [ 304,
24 silly get   { date: 'Mon, 20 Jul 2015 03:04:20 GMT',
24 silly get     via: '1.1 varnish',
24 silly get     'cache-control': 'max-age=60',
24 silly get     etag: '"BYAY2ZRYPBENUKZ34DYCXQ8Q0"',
24 silly get     age: '12',
24 silly get     connection: 'keep-alive',
24 silly get     'x-served-by': 'cache-iad2141-IAD',
24 silly get     'x-cache': 'HIT',
24 silly get     'x-cache-hits': '1',
24 silly get     'x-timer': 'S1437361460.477904,VS0,VE1',
24 silly get     vary: 'Accept' } ]
25 verbose etag https://registry.npmjs.org/ios-deploy from cache
26 verbose get saving ios-deploy to /Users/Ted_Ma/.npm/registry.npmjs.org/ios-deploy/.cache.json
27 silly addNameRange number 2 { name: 'ios-deploy', range: '*', hasData: true }
28 silly addNameRange versions [ 'ios-deploy',
28 silly addNameRange   [ '1.0.1',
28 silly addNameRange     '1.0.2',
28 silly addNameRange     '1.0.3',
28 silly addNameRange     '1.0.4',
28 silly addNameRange     '1.0.5',
28 silly addNameRange     '1.0.6',
28 silly addNameRange     '1.0.7',
28 silly addNameRange     '1.0.8',
28 silly addNameRange     '1.0.9',
28 silly addNameRange     '1.1.0',
28 silly addNameRange     '1.2.0',
28 silly addNameRange     '1.3.0',
28 silly addNameRange     '1.3.1',
28 silly addNameRange     '1.3.2',
28 silly addNameRange     '1.4.0',
28 silly addNameRange     '1.5.0',
28 silly addNameRange     '1.6.0',
28 silly addNameRange     '1.6.1',
28 silly addNameRange     '1.6.2',
28 silly addNameRange     '1.6.3',
28 silly addNameRange     '1.7.0' ] ]
29 silly addNamed ios-deploy@1.7.0
30 verbose addNamed "1.7.0" is a plain semver version for ios-deploy
31 silly cache afterAdd ios-deploy@1.7.0
32 verbose afterAdd /Users/Ted_Ma/.npm/ios-deploy/1.7.0/package/package.json not in flight; writing
33 verbose afterAdd /Users/Ted_Ma/.npm/ios-deploy/1.7.0/package/package.json written
34 silly install resolved [ { name: 'ios-deploy',
34 silly install resolved     version: '1.7.0',
34 silly install resolved     os: [ 'darwin' ],
34 silly install resolved     description: 'launch iOS apps iOS devices from the command line (Xcode 6)',
34 silly install resolved     main: 'ios-deploy',
34 silly install resolved     scripts: { preinstall: 'make ios-deploy' },
34 silly install resolved     bin: { 'ios-deploy': './ios-deploy' },
34 silly install resolved     repository:
34 silly install resolved      { type: 'git',
34 silly install resolved        url: 'git+https://github.com/phonegap/ios-deploy.git' },
34 silly install resolved     keywords: [ 'ios-deploy', 'deploy to iOS device' ],
34 silly install resolved     author: { name: 'Greg Hughes' },
34 silly install resolved     license: 'GPLv3',
34 silly install resolved     gitHead: '6d61b7ca7c0ff16caea4e87a91ee7535db888621',
34 silly install resolved     bugs: { url: 'https://github.com/phonegap/ios-deploy/issues' },
34 silly install resolved     homepage: 'https://github.com/phonegap/ios-deploy#readme',
34 silly install resolved     _id: 'ios-deploy@1.7.0',
34 silly install resolved     _shasum: '8dfbce5c23ea74e77cb12870b2e72a3af8e1db91',
34 silly install resolved     _from: 'ios-deploy@*',
34 silly install resolved     _npmVersion: '2.9.1',
34 silly install resolved     _nodeVersion: '0.10.30',
34 silly install resolved     _npmUser: { name: 'shazron', email: 'shazron@gmail.com' },
34 silly install resolved     maintainers: [ [Object], [Object], [Object] ],
34 silly install resolved     dist:
34 silly install resolved      { shasum: '8dfbce5c23ea74e77cb12870b2e72a3af8e1db91',
34 silly install resolved        tarball: 'http://registry.npmjs.org/ios-deploy/-/ios-deploy-1.7.0.tgz' },
34 silly install resolved     directories: {},
34 silly install resolved     _resolved: 'https://registry.npmjs.org/ios-deploy/-/ios-deploy-1.7.0.tgz',
34 silly install resolved     readme: 'ERROR: No README data found!' } ]
35 info install ios-deploy@1.7.0 into /usr/local/lib
36 info installOne ios-deploy@1.7.0
37 verbose installOne of ios-deploy to /usr/local/lib not in flight; installing
38 verbose lock using /Users/Ted_Ma/.npm/_locks/ios-deploy-198957223cd98201.lock for /usr/local/lib/node_modules/ios-deploy
39 silly install write writing ios-deploy 1.7.0 to /usr/local/lib/node_modules/ios-deploy
40 verbose unbuild lib/node_modules/ios-deploy
41 silly gentlyRm /usr/local/lib/node_modules/ios-deploy is being purged from base /usr/local
42 verbose gentlyRm don't care about contents; nuking /usr/local/lib/node_modules/ios-deploy
43 verbose tar unpack /Users/Ted_Ma/.npm/ios-deploy/1.7.0/package.tgz
44 verbose tar unpacking to /usr/local/lib/node_modules/ios-deploy
45 silly gentlyRm /usr/local/lib/node_modules/ios-deploy is being purged
46 verbose gentlyRm don't care about contents; nuking /usr/local/lib/node_modules/ios-deploy
47 silly gunzTarPerm modes [ '755', '644' ]
48 silly gunzTarPerm extractEntry package.json
49 silly gunzTarPerm extractEntry .npmignore
50 silly gunzTarPerm extractEntry README.md
51 silly gunzTarPerm extractEntry LICENSE
52 silly gunzTarPerm extractEntry ResourceRules.plist
53 silly gunzTarPerm extractEntry Makefile
54 silly gunzTarPerm extractEntry MobileDevice.h
55 silly gunzTarPerm extractEntry CONTRIBUTING.md
56 silly gunzTarPerm extractEntry Info.plist
57 silly gunzTarPerm extractEntry demo.c
58 silly gunzTarPerm extractEntry errors.h
59 silly gunzTarPerm extractEntry ios-deploy.c
60 silly gunzTarPerm extractEntry Entitlements.plist
61 silly gunzTarPerm extractEntry resources/buildbox/build.sh
62 verbose write writing to /usr/local/lib/node_modules/ios-deploy/package.json
63 info preinstall ios-deploy@1.7.0
64 verbose unsafe-perm in lifecycle false
65 info ios-deploy@1.7.0 Failed to exec preinstall script
66 verbose unlock done using /Users/Ted_Ma/.npm/_locks/ios-deploy-198957223cd98201.lock for /usr/local/lib/node_modules/ios-deploy
67 verbose stack Error: ios-deploy@1.7.0 preinstall: `make ios-deploy`
67 verbose stack Exit status 2
67 verbose stack     at EventEmitter.<anonymous> (/usr/local/lib/node_modules/npm/lib/utils/lifecycle.js:213:16)
67 verbose stack     at EventEmitter.emit (events.js:110:17)
67 verbose stack     at ChildProcess.<anonymous> (/usr/local/lib/node_modules/npm/lib/utils/spawn.js:24:14)
67 verbose stack     at ChildProcess.emit (events.js:110:17)
67 verbose stack     at maybeClose (child_process.js:1015:16)
67 verbose stack     at Process.ChildProcess._handle.onexit (child_process.js:1087:5)
68 verbose pkgid ios-deploy@1.7.0
69 verbose cwd /Users/Ted_Ma/smartBuzz
70 error Darwin 14.4.0
71 error argv "node" "/usr/local/bin/npm" "install" "-g" "ios-deploy"
72 error node v0.12.4
73 error npm  v2.10.1
74 error code ELIFECYCLE
75 error ios-deploy@1.7.0 preinstall: `make ios-deploy`
75 error Exit status 2
76 error Failed at the ios-deploy@1.7.0 preinstall script 'make ios-deploy'.
76 error This is most likely a problem with the ios-deploy package,
76 error not with npm itself.
76 error Tell the author that this fails on your system:
76 error     make ios-deploy
76 error You can get their info via:
76 error     npm owner ls ios-deploy
76 error There is likely additional logging output above.
77 verbose exit [ 1, true ]
78 verbose unbuild lib/node_modules/ios-deploy
79 info preuninstall ios-deploy@1.7.0
80 info uninstall ios-deploy@1.7.0
81 verbose unbuild rmStuff ios-deploy@1.7.0 from /usr/local/lib/node_modules
82 silly gentlyRm /usr/local/bin/ios-deploy is being gently removed
83 silly gentlyRm verifying /usr/local is an npm working directory
84 silly gentlyRm containing path /usr/local is under npm's control, in /usr/local
85 silly gentlyRm deletion target /usr/local/bin/ios-deploy is under /usr/local
86 verbose gentlyRm vacuuming from /usr/local/bin/ios-deploy up to /usr/local
87 info postuninstall ios-deploy@1.7.0
88 silly gentlyRm /usr/local/lib/node_modules/ios-deploy is being purged from base /usr/local
89 verbose gentlyRm don't care about contents; nuking /usr/local/lib/node_modules/ios-deploy
90 silly vacuum-fs purging /usr/local/lib/node_modules/ios-deploy
91 silly vacuum-fs quitting because other entries in /usr/local/lib/node_modules
